# JRE version: OpenJDK Runtime Environment (11.0.10) (build 11.0.10+0-b96-7249189)
# Java VM: OpenJDK 64-Bit Server VM (11.0.10+0-b96-7249189, mixed mode, tiered, compressed oops, g1 gc, linux-amd64)
Heap:
 garbage-first heap   total 509952K, used 46287K [0x0000000080000000, 0x0000000100000000)
  region size 1024K, 27 young (27648K), 24 survivors (24576K)
 Metaspace       used 59140K, capacity 60658K, committed 60748K, reserved 1101824K
  class space    used 7481K, capacity 8024K, committed 8064K, reserved 1048576K
GC Heap History (12 events):
Event: 0.403 GC heap before
{Heap before GC invocations=0 (full 0):
 garbage-first heap   total 509952K, used 30720K [0x0000000080000000, 0x0000000100000000)
  region size 1024K, 24 young (24576K), 0 survivors (0K)
 Metaspace       used 9679K, capacity 9938K, committed 10112K, reserved 1058816K
  class space    used 1009K, capacity 1102K, committed 1152K, reserved 1048576K
}
Event: 0.406 GC heap after
{Heap after GC invocations=1 (full 0):
 garbage-first heap   total 509952K, used 8955K [0x0000000080000000, 0x0000000100000000)
  region size 1024K, 3 young (3072K), 3 survivors (3072K)
 Metaspace       used 9679K, capacity 9938K, committed 10112K, reserved 1058816K
  class space    used 1009K, capacity 1102K, committed 1152K, reserved 1048576K
}
Event: 1.019 GC heap before
{Heap before GC invocations=1 (full 0):
 garbage-first heap   total 509952K, used 99067K [0x0000000080000000, 0x0000000100000000)
  region size 1024K, 92 young (94208K), 3 survivors (3072K)
 Metaspace       used 20622K, capacity 21079K, committed 21248K, reserved 1067008K
  class space    used 2542K, capacity 2722K, committed 2816K, reserved 1048576K
}
Event: 1.025 GC heap after
{Heap after GC invocations=2 (full 0):
 garbage-first heap   total 509952K, used 16071K [0x0000000080000000, 0x0000000100000000)
  region size 1024K, 10 young (10240K), 10 survivors (10240K)
 Metaspace       used 20622K, capacity 21079K, committed 21248K, reserved 1067008K
  class space    used 2542K, capacity 2722K, committed 2816K, reserved 1048576K
}
Event: 1.249 GC heap before
{Heap before GC invocations=3 (full 0):
 garbage-first heap   total 509952K, used 57031K [0x0000000080000000, 0x0000000100000000)
  region size 1024K, 50 young (51200K), 10 survivors (10240K)
 Metaspace       used 24649K, capacity 25145K, committed 25472K, reserved 1071104K
  class space    used 3199K, capacity 3378K, committed 3456K, reserved 1048576K
}
Event: 1.253 GC heap after
{Heap after GC invocations=4 (full 0):
 garbage-first heap   total 509952K, used 18413K [0x0000000080000000, 0x0000000100000000)
  region size 1024K, 2 young (2048K), 2 survivors (2048K)
 Metaspace       used 24649K, capacity 25145K, committed 25472K, reserved 1071104K
  class space    used 3199K, capacity 3378K, committed 3456K, reserved 1048576K
}
Event: 1.727 GC heap before
{Heap before GC invocations=4 (full 0):
 garbage-first heap   total 509952K, used 83949K [0x0000000080000000, 0x0000000100000000)
  region size 1024K, 68 young (69632K), 2 survivors (2048K)
 Metaspace       used 34883K, capacity 35649K, committed 35840K, reserved 1081344K
  class space    used 4523K, capacity 4816K, committed 4864K, reserved 1048576K
}
Event: 1.732 GC heap after
{Heap after GC invocations=5 (full 0):
 garbage-first heap   total 509952K, used 21893K [0x0000000080000000, 0x0000000100000000)
  region size 1024K, 6 young (6144K), 6 survivors (6144K)
 Metaspace       used 34883K, capacity 35649K, committed 35840K, reserved 1081344K
  class space    used 4523K, capacity 4816K, committed 4864K, reserved 1048576K
}
Event: 2.686 GC heap before
{Heap before GC invocations=6 (full 0):
 garbage-first heap   total 509952K, used 119173K [0x0000000080000000, 0x0000000100000000)
  region size 1024K, 98 young (100352K), 6 survivors (6144K)
 Metaspace       used 42492K, capacity 43557K, committed 43776K, reserved 1087488K
  class space    used 5428K, capacity 5778K, committed 5888K, reserved 1048576K
}
Event: 2.690 GC heap after
{Heap after GC invocations=7 (full 0):
 garbage-first heap   total 509952K, used 28147K [0x0000000080000000, 0x0000000100000000)
  region size 1024K, 12 young (12288K), 12 survivors (12288K)
 Metaspace       used 42492K, capacity 43557K, committed 43776K, reserved 1087488K
  class space    used 5428K, capacity 5778K, committed 5888K, reserved 1048576K
}
Event: 4.168 GC heap before
{Heap before GC invocations=7 (full 0):
 garbage-first heap   total 509952K, used 199155K [0x0000000080000000, 0x0000000100000000)
  region size 1024K, 177 young (181248K), 12 survivors (12288K)
 Metaspace       used 58499K, capacity 59983K, committed 60160K, reserved 1101824K
  class space    used 7405K, capacity 7927K, committed 7936K, reserved 1048576K
}
Event: 4.183 GC heap after
{Heap after GC invocations=8 (full 0):
 garbage-first heap   total 509952K, used 44239K [0x0000000080000000, 0x0000000100000000)
  region size 1024K, 24 young (24576K), 24 survivors (24576K)
 Metaspace       used 58499K, capacity 59983K, committed 60160K, reserved 1101824K
  class space    used 7405K, capacity 7927K, committed 7936K, reserved 1048576K
}

