# JRE version: OpenJDK Runtime Environment (11.0.10) (build 11.0.10+0-b96-7249189)
# Java VM: OpenJDK 64-Bit Server VM (11.0.10+0-b96-7249189, mixed mode, tiered, compressed oops, g1 gc, linux-amd64)
Heap:
 garbage-first heap   total 509952K, used 194436K [0x0000000080000000, 0x0000000100000000)
  region size 1024K, 172 young (176128K), 24 survivors (24576K)
 Metaspace       used 68893K, capacity 70496K, committed 70784K, reserved 1110016K
  class space    used 8912K, capacity 9513K, committed 9600K, reserved 1048576K
GC Heap History (12 events):
Event: 0.481 GC heap before
{Heap before GC invocations=0 (full 0):
 garbage-first heap   total 509952K, used 30720K [0x0000000080000000, 0x0000000100000000)
  region size 1024K, 24 young (24576K), 0 survivors (0K)
 Metaspace       used 9673K, capacity 9938K, committed 10112K, reserved 1058816K
  class space    used 1009K, capacity 1102K, committed 1152K, reserved 1048576K
}
Event: 0.484 GC heap after
{Heap after GC invocations=1 (full 0):
 garbage-first heap   total 509952K, used 9131K [0x0000000080000000, 0x0000000100000000)
  region size 1024K, 3 young (3072K), 3 survivors (3072K)
 Metaspace       used 9673K, capacity 9938K, committed 10112K, reserved 1058816K
  class space    used 1009K, capacity 1102K, committed 1152K, reserved 1048576K
}
Event: 1.118 GC heap before
{Heap before GC invocations=1 (full 0):
 garbage-first heap   total 509952K, used 100267K [0x0000000080000000, 0x0000000100000000)
  region size 1024K, 93 young (95232K), 3 survivors (3072K)
 Metaspace       used 20619K, capacity 21079K, committed 21248K, reserved 1067008K
  class space    used 2543K, capacity 2722K, committed 2816K, reserved 1048576K
}
Event: 1.123 GC heap after
{Heap after GC invocations=2 (full 0):
 garbage-first heap   total 509952K, used 16579K [0x0000000080000000, 0x0000000100000000)
  region size 1024K, 11 young (11264K), 11 survivors (11264K)
 Metaspace       used 20619K, capacity 21079K, committed 21248K, reserved 1067008K
  class space    used 2543K, capacity 2722K, committed 2816K, reserved 1048576K
}
Event: 1.250 GC heap before
{Heap before GC invocations=3 (full 0):
 garbage-first heap   total 509952K, used 41155K [0x0000000080000000, 0x0000000100000000)
  region size 1024K, 35 young (35840K), 11 survivors (11264K)
 Metaspace       used 22983K, capacity 23525K, committed 23680K, reserved 1069056K
  class space    used 2925K, capacity 3114K, committed 3200K, reserved 1048576K
}
Event: 1.253 GC heap after
{Heap after GC invocations=4 (full 0):
 garbage-first heap   total 509952K, used 16906K [0x0000000080000000, 0x0000000100000000)
  region size 1024K, 1 young (1024K), 1 survivors (1024K)
 Metaspace       used 22983K, capacity 23525K, committed 23680K, reserved 1069056K
  class space    used 2925K, capacity 3114K, committed 3200K, reserved 1048576K
}
Event: 1.875 GC heap before
{Heap before GC invocations=4 (full 0):
 garbage-first heap   total 509952K, used 100874K [0x0000000080000000, 0x0000000100000000)
  region size 1024K, 84 young (86016K), 1 survivors (1024K)
 Metaspace       used 34822K, capacity 35643K, committed 35840K, reserved 1081344K
  class space    used 4514K, capacity 4814K, committed 4864K, reserved 1048576K
}
Event: 1.881 GC heap after
{Heap after GC invocations=5 (full 0):
 garbage-first heap   total 509952K, used 21241K [0x0000000080000000, 0x0000000100000000)
  region size 1024K, 6 young (6144K), 6 survivors (6144K)
 Metaspace       used 34822K, capacity 35643K, committed 35840K, reserved 1081344K
  class space    used 4514K, capacity 4814K, committed 4864K, reserved 1048576K
}
Event: 2.523 GC heap before
{Heap before GC invocations=6 (full 0):
 garbage-first heap   total 509952K, used 136953K [0x0000000080000000, 0x0000000100000000)
  region size 1024K, 116 young (118784K), 6 survivors (6144K)
 Metaspace       used 43791K, capacity 44893K, committed 45184K, reserved 1089536K
  class space    used 5623K, capacity 5991K, committed 6016K, reserved 1048576K
}
Event: 2.531 GC heap after
{Heap after GC invocations=7 (full 0):
 garbage-first heap   total 509952K, used 27868K [0x0000000080000000, 0x0000000100000000)
  region size 1024K, 12 young (12288K), 12 survivors (12288K)
 Metaspace       used 43791K, capacity 44893K, committed 45184K, reserved 1089536K
  class space    used 5623K, capacity 5991K, committed 6016K, reserved 1048576K
}
Event: 3.844 GC heap before
{Heap before GC invocations=7 (full 0):
 garbage-first heap   total 509952K, used 181468K [0x0000000080000000, 0x0000000100000000)
  region size 1024K, 160 young (163840K), 12 survivors (12288K)
 Metaspace       used 58449K, capacity 59916K, committed 60160K, reserved 1101824K
  class space    used 7405K, capacity 7926K, committed 7936K, reserved 1048576K
}
Event: 3.859 GC heap after
{Heap after GC invocations=8 (full 0):
 garbage-first heap   total 509952K, used 43908K [0x0000000080000000, 0x0000000100000000)
  region size 1024K, 24 young (24576K), 24 survivors (24576K)
 Metaspace       used 58449K, capacity 59916K, committed 60160K, reserved 1101824K
  class space    used 7405K, capacity 7926K, committed 7936K, reserved 1048576K
}

